Datos extraídos:
Array
(
    [motivo] => sospechos
    [nombre] => 
    [apellido_paterno] => 
    [apellido_materno] => 
    [fecha_nacimiento] => 
)

Datos extraídos:
Array
(
    [motivo] => sospechos
    [nombre] => 
    [apellido_paterno] => 
    [apellido_materno] => 
    [fecha_nacimiento] => 
)

Datos extraídos:
Array
(
    [motivo] => sospechos
    [nombre] => 
    [apellido_paterno] => 
    [apellido_materno] => 
    [fecha_nacimiento] => 
)

Datos extraídos:
Array
(
    [motivo] => sospechoso raro
    [nombre] => 
    [apellido_paterno] => 
    [apellido_materno] => 
    [fecha_nacimiento] => 
)

Datos extraídos:
Motivo: sospechoso raro
Nombre: 
Apellido Paterno: 
Apellido Materno: 
Fecha de Nacimiento: 
Datos extraídos:
Motivo: sospechoso raro
Nombre: 
Apellido Paterno: 
Apellido Materno: 
Fecha de Nacimiento: 
Datos extraídos:
Motivo: 
Nombre: 
Apellido Paterno: 
Apellido Materno: 
Fecha de Nacimiento: 

Datos extraídos:
Motivo: 
Nombre: 
Apellido Paterno: 
Apellido Materno: 
Fecha de Nacimiento: 

Datos extraídos:
Motivo: sospechoso raro
Nombre: 
Apellido Paterno: 
Apellido Materno: 
Fecha de Nacimiento: 
Datos extraídos:
Array
(
    [motivo] => sospechoso raro
    [nombre] => 
    [apellido_paterno] => 
    [apellido_materno] => 
    [fecha_nacimiento] => 
)

